<?xml version="1.0" encoding="UTF-8"?>
<!-- Generated by org.testng.reporters.JUnitXMLReporter -->
<testsuite ignored="0" hostname="FPE-LAP-254" failures="0" tests="1" name="Default test" time="0.094" errors="0" timestamp="2024-08-07T13:43:25 IST">
  <testcase classname="generics.BaseTest" name="@BeforeClass openBrowser" time="-1.72301840487E9">
    <failure type="org.testng.TestNGException" message="
Parameter &amp;apos;sBrowser&amp;apos; is required by BeforeClass on method openBrowser but has not been marked @Optional or defined
in C:\Users\SunitaGautam\AppData\Local\Temp\testng-eclipse-1288434905\testng-customsuite.xml">
      <![CDATA[org.testng.TestNGException: 
Parameter 'sBrowser' is required by BeforeClass on method openBrowser but has not been marked @Optional or defined
in C:\Users\SunitaGautam\AppData\Local\Temp\testng-eclipse-1288434905\testng-customsuite.xml
at org.testng.internal.Parameters.createParams(Parameters.java:270)
at org.testng.internal.Parameters.createParametersForMethod(Parameters.java:358)
at org.testng.internal.Parameters.createParameters(Parameters.java:700)
at org.testng.internal.Parameters.createConfigurationParameters(Parameters.java:168)
at org.testng.internal.ConfigInvoker.invokeConfigurations(ConfigInvoker.java:302)
at org.testng.internal.TestMethodWorker.invokeBeforeClassMethods(TestMethodWorker.java:176)
at org.testng.internal.TestMethodWorker.run(TestMethodWorker.java:122)
at java.base/java.util.ArrayList.forEach(ArrayList.java:1596)
at org.testng.TestRunner.privateRun(TestRunner.java:794)
at org.testng.TestRunner.run(TestRunner.java:596)
at org.testng.SuiteRunner.runTest(SuiteRunner.java:377)
at org.testng.SuiteRunner.runSequentially(SuiteRunner.java:371)
at org.testng.SuiteRunner.privateRun(SuiteRunner.java:332)
at org.testng.SuiteRunner.run(SuiteRunner.java:276)
at org.testng.SuiteRunnerWorker.runSuite(SuiteRunnerWorker.java:53)
at org.testng.SuiteRunnerWorker.run(SuiteRunnerWorker.java:96)
at org.testng.TestNG.runSuitesSequentially(TestNG.java:1212)
at org.testng.TestNG.runSuitesLocally(TestNG.java:1134)
at org.testng.TestNG.runSuites(TestNG.java:1063)
at org.testng.TestNG.run(TestNG.java:1031)
at org.testng.remote.AbstractRemoteTestNG.run(AbstractRemoteTestNG.java:115)
at org.testng.remote.RemoteTestNG.initAndRun(RemoteTestNG.java:293)
at org.testng.remote.RemoteTestNG.main(RemoteTestNG.java:91)
]]>
    </failure>
  </testcase> <!-- @BeforeClass openBrowser -->
  <testcase classname="generics.BaseTest" name="@BeforeMethod openApplication" time="-1.723018404914E9">
    <skipped/>
  </testcase> <!-- @BeforeMethod openApplication -->
  <testcase classname="admission_onlineFormModuleTestScripts.Admission_onlineFormTestScripts" name="@BeforeMethod OpenAdmisisonForm_Page" time="-1.723018404917E9">
    <skipped/>
  </testcase> <!-- @BeforeMethod OpenAdmisisonForm_Page -->
  <testcase classname="generics.BaseTest" name="@AfterMethod closeBrowser" time="-1.723018404926E9">
    <skipped/>
  </testcase> <!-- @AfterMethod closeBrowser -->
  <testcase classname="generics.BaseTest" name="@AfterClass closeBrowser" time="-1.723018404928E9">
    <skipped/>
  </testcase> <!-- @AfterClass closeBrowser -->
  <testcase classname="admission_onlineFormModuleTestScripts.Admission_onlineFormTestScripts" name="AdmisionViaCenterSelection_SC_001_TC_003" time="0.0">
    <skipped/>
  </testcase> <!-- AdmisionViaCenterSelection_SC_001_TC_003 -->
</testsuite> <!-- Default test -->
