<?xml version="1.0" encoding="UTF-8"?>
<!-- Generated by org.testng.reporters.JUnitXMLReporter -->
<testsuite ignored="1" hostname="FPE-LAP-254" failures="0" tests="1" name="Test" time="69.38" errors="0" timestamp="2025-04-08T15:05:48 IST">
  <testcase classname="corporateTiepupModuleTestScripts.AccountStatement_CorporateTestScripts" name="CorporateTransfer" time="55.778"/>
  <testcase classname="corporateTiepupModuleTestScripts.AccountStatement_CorporateTestScripts" name="TieupProgramChange_fun" time="0.0">
    <ignored/>
  </testcase> <!-- TieupProgramChange_fun -->
</testsuite> <!-- Test -->
