<?xml version="1.0" encoding="UTF-8"?>
<!-- Generated by org.testng.reporters.JUnitXMLReporter -->
<testsuite ignored="0" hostname="FPE-LAP-254" failures="0" tests="1" name="Test" time="0.079" errors="0" timestamp="2024-08-07T13:41:38 IST">
  <testcase classname="generics.BaseTest" name="@BeforeClass openBrowser" time="-1.72301829809E9">
    <failure type="org.testng.TestNGException" message="
Parameter &amp;apos;sBrowser&amp;apos; is required by BeforeClass on method openBrowser but has not been marked @Optional or defined
in C:\Users\SunitaGautam\Desktop\Automation\FootPrints\AdmissionFormtestng.xml">
      <![CDATA[org.testng.TestNGException: 
Parameter 'sBrowser' is required by BeforeClass on method openBrowser but has not been marked @Optional or defined
in C:\Users\SunitaGautam\Desktop\Automation\FootPrints\AdmissionFormtestng.xml
at java.base/java.util.ArrayList.forEach(ArrayList.java:1596)
... Removed 22 stack frames]]>
    </failure>
  </testcase> <!-- @BeforeClass openBrowser -->
  <testcase classname="generics.BaseTest" name="@BeforeMethod openApplication" time="-1.72301829812E9">
    <skipped/>
  </testcase> <!-- @BeforeMethod openApplication -->
  <testcase classname="admission_onlineFormModuleTestScripts.Admission_onlineFormTestScripts" name="@BeforeMethod OpenAdmisisonForm_Page" time="-1.723018298124E9">
    <skipped/>
  </testcase> <!-- @BeforeMethod OpenAdmisisonForm_Page -->
  <testcase classname="generics.BaseTest" name="@AfterMethod closeBrowser" time="-1.723018298134E9">
    <skipped/>
  </testcase> <!-- @AfterMethod closeBrowser -->
  <testcase classname="generics.BaseTest" name="@AfterClass closeBrowser" time="-1.723018298137E9">
    <skipped/>
  </testcase> <!-- @AfterClass closeBrowser -->
  <testcase classname="admission_onlineFormModuleTestScripts.Admission_onlineFormTestScripts" name="AdmisionViaCenterSelection_SC_001_TC_003" time="0.0">
    <skipped/>
  </testcase> <!-- AdmisionViaCenterSelection_SC_001_TC_003 -->
</testsuite> <!-- Test -->
