<?xml version="1.0" encoding="UTF-8"?>
<testng-results ignored="1" total="2" passed="1" failed="0" skipped="0">
  <reporter-output>
    <line>
      <![CDATA[PassCount: 1]]>
    </line>
    <line>
      <![CDATA[FailCount: 0]]>
    </line>
  </reporter-output>
  <suite started-at="2025-04-08T15:04:38 IST" name="Suite" finished-at="2025-04-08T15:05:48 IST" duration-ms="69380">
    <groups>
    </groups>
    <test started-at="2025-04-08T15:04:38 IST" name="Test" finished-at="2025-04-08T15:05:48 IST" duration-ms="69380">
      <class name="corporateTiepupModuleTestScripts.AccountStatement_CorporateTestScripts">
        <test-method is-config="true" signature="openBrowser(java.lang.String)[pri:0, instance:corporateTiepupModuleTestScripts.AccountStatement_CorporateTestScripts@17f62e33]" started-at="2025-04-08T15:04:38 IST" name="openBrowser" finished-at="2025-04-08T15:04:40 IST" duration-ms="1954" status="PASS">
          <params>
            <param index="0">
              <value>
                <![CDATA[chrome]]>
              </value>
            </param>
          </params>
          <reporter-output>
          </reporter-output>
        </test-method> <!-- openBrowser -->
        <test-method is-config="true" signature="openApplication()[pri:0, instance:corporateTiepupModuleTestScripts.AccountStatement_CorporateTestScripts@17f62e33]" started-at="2025-04-08T15:04:40 IST" name="openApplication" finished-at="2025-04-08T15:04:42 IST" duration-ms="1372" status="PASS">
          <reporter-output>
          </reporter-output>
        </test-method> <!-- openApplication -->
        <test-method is-config="true" signature="Login_AccountStatementCorporateFuns()[pri:0, instance:corporateTiepupModuleTestScripts.AccountStatement_CorporateTestScripts@17f62e33]" started-at="2025-04-08T15:04:42 IST" name="Login_AccountStatementCorporateFuns" finished-at="2025-04-08T15:04:51 IST" duration-ms="9646" status="PASS">
          <reporter-output>
          </reporter-output>
        </test-method> <!-- Login_AccountStatementCorporateFuns -->
        <test-method signature="CorporateTransfer()[pri:1, instance:corporateTiepupModuleTestScripts.AccountStatement_CorporateTestScripts@17f62e33]" started-at="2025-04-08T15:04:51 IST" name="CorporateTransfer" finished-at="2025-04-08T15:05:47 IST" duration-ms="55778" status="PASS">
          <reporter-output>
          </reporter-output>
        </test-method> <!-- CorporateTransfer -->
        <test-method is-config="true" signature="closeBrowser(org.testng.ITestResult)[pri:0, instance:corporateTiepupModuleTestScripts.AccountStatement_CorporateTestScripts@17f62e33]" started-at="2025-04-08T15:05:47 IST" name="closeBrowser" finished-at="2025-04-08T15:05:47 IST" duration-ms="4" status="PASS">
          <params>
            <param index="0">
              <value>
                <![CDATA[[TestResult name=CorporateTransfer status=SUCCESS method=AccountStatement_CorporateTestScripts.CorporateTransfer()[pri:1, instance:corporateTiepupModuleTestScripts.AccountStatement_CorporateTestScripts@17f62e33] output={null}]]]>
              </value>
            </param>
          </params>
          <reporter-output>
          </reporter-output>
        </test-method> <!-- closeBrowser -->
        <test-method is-config="true" signature="tearDown()[pri:0, instance:corporateTiepupModuleTestScripts.AccountStatement_CorporateTestScripts@17f62e33]" started-at="2025-04-08T15:05:47 IST" name="tearDown" finished-at="2025-04-08T15:05:48 IST" duration-ms="561" status="PASS">
          <reporter-output>
          </reporter-output>
        </test-method> <!-- tearDown -->
        <test-method is-config="true" signature="printReport()[pri:0, instance:corporateTiepupModuleTestScripts.AccountStatement_CorporateTestScripts@17f62e33]" started-at="2025-04-08T15:05:48 IST" name="printReport" finished-at="2025-04-08T15:05:51 IST" duration-ms="3403" status="PASS">
          <reporter-output>
            <line>
              <![CDATA[PassCount: 1]]>
            </line>
            <line>
              <![CDATA[FailCount: 0]]>
            </line>
          </reporter-output>
        </test-method> <!-- printReport -->
      </class> <!-- corporateTiepupModuleTestScripts.AccountStatement_CorporateTestScripts -->
    </test> <!-- Test -->
  </suite> <!-- Suite -->
</testng-results>
