<?xml version="1.0" encoding="UTF-8"?>
<testng-results ignored="6" total="7" passed="1" failed="0" skipped="0">
  <reporter-output>
    <line>
      <![CDATA[PassCount: 1]]>
    </line>
    <line>
      <![CDATA[FailCount: 0]]>
    </line>
  </reporter-output>
  <suite started-at="2025-01-29T09:58:53 IST" name="Suite" finished-at="2025-01-29T09:59:09 IST" duration-ms="15582">
    <groups>
    </groups>
    <test started-at="2025-01-29T09:58:53 IST" name="Test" finished-at="2025-01-29T09:59:09 IST" duration-ms="15582">
      <class name="financialModuleTestScripts.AccountStatementPageTestScripts">
        <test-method is-config="true" signature="openBrowser(java.lang.String)[pri:0, instance:financialModuleTestScripts.AccountStatementPageTestScripts@5d0bf09b]" started-at="2025-01-29T09:58:53 IST" name="openBrowser" finished-at="2025-01-29T09:59:00 IST" duration-ms="6916" status="PASS">
          <params>
            <param index="0">
              <value>
                <![CDATA[chrome]]>
              </value>
            </param>
          </params>
          <reporter-output>
          </reporter-output>
        </test-method> <!-- openBrowser -->
        <test-method is-config="true" signature="openApplication()[pri:0, instance:financialModuleTestScripts.AccountStatementPageTestScripts@5d0bf09b]" started-at="2025-01-29T09:59:00 IST" name="openApplication" finished-at="2025-01-29T09:59:01 IST" duration-ms="770" status="PASS">
          <reporter-output>
          </reporter-output>
        </test-method> <!-- openApplication -->
        <test-method is-config="true" signature="Login_AccountStatementPage()[pri:0, instance:financialModuleTestScripts.AccountStatementPageTestScripts@5d0bf09b]" started-at="2025-01-29T09:59:01 IST" name="Login_AccountStatementPage" finished-at="2025-01-29T09:59:08 IST" duration-ms="7035" status="PASS">
          <reporter-output>
          </reporter-output>
        </test-method> <!-- Login_AccountStatementPage -->
        <test-method signature="childHistory_link()[pri:6, instance:financialModuleTestScripts.AccountStatementPageTestScripts@5d0bf09b]" started-at="2025-01-29T09:59:08 IST" name="childHistory_link" finished-at="2025-01-29T09:59:08 IST" duration-ms="443" status="PASS">
          <reporter-output>
          </reporter-output>
        </test-method> <!-- childHistory_link -->
        <test-method is-config="true" signature="closeBrowser(org.testng.ITestResult)[pri:0, instance:financialModuleTestScripts.AccountStatementPageTestScripts@5d0bf09b]" started-at="2025-01-29T09:59:08 IST" name="closeBrowser" finished-at="2025-01-29T09:59:08 IST" duration-ms="2" status="PASS">
          <params>
            <param index="0">
              <value>
                <![CDATA[[TestResult name=childHistory_link status=SUCCESS method=AccountStatementPageTestScripts.childHistory_link()[pri:6, instance:financialModuleTestScripts.AccountStatementPageTestScripts@5d0bf09b] output={null}]]]>
              </value>
            </param>
          </params>
          <reporter-output>
          </reporter-output>
        </test-method> <!-- closeBrowser -->
        <test-method is-config="true" signature="tearDown()[pri:0, instance:financialModuleTestScripts.AccountStatementPageTestScripts@5d0bf09b]" started-at="2025-01-29T09:59:08 IST" name="tearDown" finished-at="2025-01-29T09:59:09 IST" duration-ms="370" status="PASS">
          <reporter-output>
          </reporter-output>
        </test-method> <!-- tearDown -->
        <test-method is-config="true" signature="printReport()[pri:0, instance:financialModuleTestScripts.AccountStatementPageTestScripts@5d0bf09b]" started-at="2025-01-29T09:59:09 IST" name="printReport" finished-at="2025-01-29T09:59:12 IST" duration-ms="3511" status="PASS">
          <reporter-output>
            <line>
              <![CDATA[PassCount: 1]]>
            </line>
            <line>
              <![CDATA[FailCount: 0]]>
            </line>
          </reporter-output>
        </test-method> <!-- printReport -->
      </class> <!-- financialModuleTestScripts.AccountStatementPageTestScripts -->
    </test> <!-- Test -->
  </suite> <!-- Suite -->
</testng-results>
